0 info it worked if it ends with ok
1 verbose cli [ '/usr/bin/nodejs', '/usr/bin/npm', 'start' ]
2 info using npm@3.3.12
3 info using node@v5.3.0
4 verbose run-script [ 'prestart', 'start', 'poststart' ]
5 info lifecycle peopleware@0.0.0~prestart: peopleware@0.0.0
6 silly lifecycle peopleware@0.0.0~prestart: no script for prestart, continuing
7 info lifecycle peopleware@0.0.0~start: peopleware@0.0.0
8 verbose lifecycle peopleware@0.0.0~start: unsafe-perm in lifecycle true
9 verbose lifecycle peopleware@0.0.0~start: PATH: /usr/lib/node_modules/npm/bin/node-gyp-bin:/home/ankit/Desktop/Peopleware/node_modules/.bin:/home/ankit/mongodb/mongodb-linux-x86_64-3.2.0/bin:/home/ankit/mongodb/mongodb-linux-x86_64-3.2.0/bin:/usr/local/sbin:/usr/local/bin:/usr/sbin:/usr/bin:/sbin:/bin:/usr/games:/usr/local/games
10 verbose lifecycle peopleware@0.0.0~start: CWD: /home/ankit/Desktop/Peopleware
11 silly lifecycle peopleware@0.0.0~start: Args: [ '-c', 'node ./bin/www' ]
12 silly lifecycle peopleware@0.0.0~start: Returned: code: 1  signal: null
13 info lifecycle peopleware@0.0.0~start: Failed to exec start script
14 verbose stack Error: peopleware@0.0.0 start: `node ./bin/www`
14 verbose stack Exit status 1
14 verbose stack     at EventEmitter.<anonymous> (/usr/lib/node_modules/npm/lib/utils/lifecycle.js:232:16)
14 verbose stack     at emitTwo (events.js:87:13)
14 verbose stack     at EventEmitter.emit (events.js:172:7)
14 verbose stack     at ChildProcess.<anonymous> (/usr/lib/node_modules/npm/lib/utils/spawn.js:24:14)
14 verbose stack     at emitTwo (events.js:87:13)
14 verbose stack     at ChildProcess.emit (events.js:172:7)
14 verbose stack     at maybeClose (internal/child_process.js:818:16)
14 verbose stack     at Process.ChildProcess._handle.onexit (internal/child_process.js:211:5)
15 verbose pkgid peopleware@0.0.0
16 verbose cwd /home/ankit/Desktop/Peopleware
17 error Linux 4.2.0-22-generic
18 error argv "/usr/bin/nodejs" "/usr/bin/npm" "start"
19 error node v5.3.0
20 error npm  v3.3.12
21 error code ELIFECYCLE
22 error peopleware@0.0.0 start: `node ./bin/www`
22 error Exit status 1
23 error Failed at the peopleware@0.0.0 start script 'node ./bin/www'.
23 error Make sure you have the latest version of node.js and npm installed.
23 error If you do, this is most likely a problem with the peopleware package,
23 error not with npm itself.
23 error Tell the author that this fails on your system:
23 error     node ./bin/www
23 error You can get their info via:
23 error     npm owner ls peopleware
23 error There is likely additional logging output above.
24 verbose exit [ 1, true ]
